TMATROM development (~/Stuart/Matlab/tmatrom_development/working/Source/)
2023-01-10 06:56:10 [PASS] license_matlab.txt besseljd.m
2023-01-10 06:56:10 [PASS] license_matlab.txt besselhd.m
2023-01-10 06:56:10 [PASS] license_matlab.txt getSecondOutput.m
2023-01-10 06:56:10 [PASS] license_matlab.txt incident.m
2023-01-10 06:56:10 [PASS] license_matlab.txt incidentminus.m
2023-01-10 06:56:10 [PASS] license_matlab.txt incidentplus.m
2023-01-10 06:56:10 [PASS] license_matlab.txt incidenttimes.m
2023-01-10 06:56:10 [PASS] license_matlab.txt incidentuminus.m
2023-01-10 06:56:10 [PASS] license_matlab.txt mfsHexagonSolver.m
2023-01-10 06:56:10 [PASS] license_matlab.txt mfsPolarSoftSolver.m
2023-01-10 06:56:10 [PASS] license_matlab.txt mfsSolver.m
2023-01-10 06:56:10 [PASS] license_matlab.txt obstacle.m
2023-01-10 06:56:10 [PASS] license_matlab.txt obstacleCappedCylinder.m
2023-01-10 06:56:10 [PASS] license_matlab.txt obstaclePolar.m
2023-01-10 06:56:10 [PASS] license_matlab.txt plane_wave.m
2023-01-10 06:56:10 [PASS] license_matlab.txt point_source.m
2023-01-10 06:56:10 [PASS] license_matlab.txt radiating_incident.m
2023-01-10 06:56:10 [PASS] license_matlab.txt regularwavefunction2d.m
2023-01-10 06:56:10 [PASS] license_matlab.txt regularwavefunctionexpansion.m
2023-01-10 06:56:10 [PASS] license_matlab.txt wavefunction2d.m
2023-01-10 06:56:10 [PASS] license_matlab.txt suggestedorder.m
2023-01-10 06:56:10 [PASS] license_matlab.txt tmatrix.m
2023-01-10 06:56:10 [PASS] license_matlab.txt wavefunctionexpansion.m
2023-01-10 06:56:10 [PASS] license_matlab.txt besseljd.m
2023-01-10 06:56:10 [PASS] license_matlab.txt mfsExampleSolver.m
2023-01-10 06:56:10 [PASS] license_matlab.txt mfsPolarHardSolver.m
2023-01-10 06:56:10 [PASS] license_matlab.txt mfsPolarSolver.m
2023-01-10 06:56:10 [PASS] license_matlab.txt obstacleCircle.m
2023-01-10 06:56:10 [PASS] license_matlab.txt obstacleKite.m
2023-01-10 06:56:10 [PASS] license_matlab.txt obstaclePinchedBall.m
2023-01-10 06:56:10 [PASS] license_matlab.txt obstacleTrefoil.m
2023-01-10 06:56:10 [PASS] license_matlab.txt radiatingwavefunctionexpansion.m
2023-01-10 06:56:10 [PASS] license_matlab.txt radiatingzero.m
2023-01-10 06:56:10 [PASS] license_matlab.txt radiatingzero.m
2023-01-10 06:56:10 [PASS] license_matlab.txt regularzero.m
2023-01-10 06:56:10 [PASS] license_matlab.txt solver.m
2023-01-10 06:56:10 [PASS] license_matlab.txt solverNystrom.m
2023-01-10 06:56:10 [PASS] license_matlab.txt solverNystromRobin.m
2023-01-10 06:56:10 [PASS] license_matlab.txt solver_template.m
2023-01-10 06:56:10 [PASS] license_matlab.txt sumcof.m
2023-01-10 06:56:10 [PASS] license_matlab.txt interlace.m
2023-01-10 06:56:10 [PASS] license_matlab.txt ghtmatrix.m
2023-01-10 06:56:10 [PASS] license_matlab.txt tmatrom_version.m
